2019-09-23 06:08:15 INFO  MinerFulGuiStarter: Load Application!
2019-09-23 06:08:19 INFO  StartPageController: Open Model Generator
2019-09-23 06:08:21 INFO  StartPageController: Open Discovery
2019-09-23 06:08:34 INFO  DiscoverController: Process File: /home/dominik/uni-workspace/MINERfulGUI/resources/examples/running-example.xes
2019-09-23 06:08:34 INFO  LogParserServiceImpl: Start parsing Log-File
2019-09-23 06:08:34 INFO  LogParserServiceImpl: Finished parsing Log-File!
2019-09-23 06:08:34 INFO  LogParserServiceImpl: Parsing Time: 0 Found traces: 6
2019-09-23 06:08:34 INFO  LogParserServiceImpl: Start mine Process-Model
2019-09-23 19:33:28 INFO  MinerFulGuiStarter: Load Application!
2019-09-23 19:33:34 INFO  StartPageController: Open Discovery
2019-09-23 19:33:43 INFO  DiscoverController: Process File: /home/dominik/uni-workspace/MINERfulGUI/resources/examples/running-example.xes
2019-09-23 19:33:43 INFO  LogParserServiceImpl: Start parsing Log-File
2019-09-23 19:33:43 INFO  LogParserServiceImpl: Finished parsing Log-File!
2019-09-23 19:33:43 INFO  LogParserServiceImpl: Parsing Time: 0 Found traces: 6
2019-09-23 19:33:43 INFO  LogParserServiceImpl: Start mine Process-Model
2019-09-24 06:14:39 INFO  MinerFulGuiStarter: Load Application!
2019-09-24 06:14:42 INFO  StartPageController: Open Discovery
2019-09-24 06:14:48 INFO  DiscoverController: Process File: /home/dominik/uni-workspace/MINERfulGUI/resources/examples/running-example.xes
2019-09-24 06:14:48 INFO  LogParserServiceImpl: Start parsing Log-File
2019-09-24 06:14:49 INFO  LogParserServiceImpl: Finished parsing Log-File!
2019-09-24 06:14:49 INFO  LogParserServiceImpl: Parsing Time: 0 Found traces: 6
2019-09-24 06:14:49 INFO  LogParserServiceImpl: Start mine Process-Model
2019-09-25 06:01:48 INFO  MinerFulGuiStarter: Load Application!
2019-09-25 06:07:35 INFO  StartPageController: Open Discovery
2019-09-25 06:07:43 INFO  DiscoverController: Process File: /home/dominik/uni-workspace/MINERfulGUI/resources/examples/running-example.xes
2019-09-25 06:07:43 INFO  LogParserServiceImpl: Start parsing Log-File
2019-09-25 06:07:43 INFO  LogParserServiceImpl: Finished parsing Log-File!
2019-09-25 06:07:43 INFO  LogParserServiceImpl: Parsing Time: 0 Found traces: 6
2019-09-25 06:07:43 INFO  LogParserServiceImpl: Start mine Process-Model
2019-09-27 23:55:24 INFO  MinerFulGuiStarter: Load Application!
2019-09-27 23:55:28 INFO  StartPageController: Open Discovery
2019-09-27 23:55:36 INFO  DiscoverController: Process File: /home/dominik/uni-workspace/MINERfulGUI/resources/examples/running-example.xes
2019-09-27 23:55:36 INFO  LogParserServiceImpl: Start parsing Log-File
2019-09-27 23:55:36 INFO  LogParserServiceImpl: Finished parsing Log-File!
2019-09-27 23:55:36 INFO  LogParserServiceImpl: Parsing Time: 0 Found traces: 6
2019-09-27 23:55:36 INFO  LogParserServiceImpl: Start mine Process-Model
2019-09-28 10:33:51 INFO  MinerFulGuiStarter: Load Application!
2019-09-28 10:33:54 INFO  StartPageController: Open Discovery
2019-09-28 10:34:17 INFO  DiscoverController: Process File: /home/dominik/uni-workspace/MINERfulGUI/test/files/ProcessModelStructureTest.txt
2019-09-28 10:34:17 INFO  LogParserServiceImpl: Start parsing Log-File
2019-09-28 10:34:17 INFO  LogParserServiceImpl: Finished parsing Log-File!
2019-09-28 10:38:53 INFO  DiscoverController: Process File: /home/dominik/uni-workspace/MINERfulGUI/resources/examples/running-example.xes
2019-09-28 10:38:53 INFO  LogParserServiceImpl: Start parsing Log-File
2019-09-28 10:38:54 INFO  LogParserServiceImpl: Finished parsing Log-File!
2019-09-28 10:38:54 INFO  LogParserServiceImpl: Parsing Time: 0 Found traces: 6
2019-09-28 10:38:54 INFO  LogParserServiceImpl: Start mine Process-Model
